# JRE version: OpenJDK Runtime Environment Temurin-21.0.9+10 (21.0.9+10) (build 21.0.9+10-LTS)
# Java VM: OpenJDK 64-Bit Server VM Temurin-21.0.9+10 (21.0.9+10-LTS, mixed mode, sharing, tiered, compressed oops, compressed class ptrs, parallel gc, windows-amd64)
GC Precious Log:
 CardTable entry size: 512
 CPUs: 12 total, 12 available
 Memory: 12021M
 Large Page Support: Disabled
 NUMA Support: Disabled
 Compressed Oops: Enabled (32-bit)
 Alignments: Space 512K, Generation 512K, Heap 2M
 Heap Min Capacity: 100M
 Heap Initial Capacity: 100M
 Heap Max Capacity: 2G
 Pre-touch: Disabled
 Parallel Workers: 10
Heap:
 PSYoungGen      total 4096K, used 500K [0x00000000d5580000, 0x00000000d5d00000, 0x0000000100000000)
  eden space 3584K, 0% used [0x00000000d5580000,0x00000000d5580000,0x00000000d5900000)
  from space 512K, 97% used [0x00000000d5c00000,0x00000000d5c7d2e0,0x00000000d5c80000)
  to   space 512K, 0% used [0x00000000d5c80000,0x00000000d5c80000,0x00000000d5d00000)
 ParOldGen       total 1019904K, used 138107K [0x0000000080000000, 0x00000000be400000, 0x00000000d5580000)
  object space 1019904K, 13% used [0x0000000080000000,0x00000000886def88,0x00000000be400000)
 Metaspace       used 85748K, committed 87488K, reserved 1179648K
  class space    used 8750K, committed 9536K, reserved 1048576K
GC Heap History (20 events):
Event: 779.966 GC heap after
{Heap after GC invocations=1806 (full 5):
 PSYoungGen      total 6144K, used 2532K [0x00000000d5580000, 0x00000000d6200000, 0x0000000100000000)
  eden space 3584K, 0% used [0x00000000d5580000,0x00000000d5580000,0x00000000d5900000)
  from space 2560K, 98% used [0x00000000d5900000,0x00000000d5b79100,0x00000000d5b80000)
  to   space 4608K, 0% used [0x00000000d5d80000,0x00000000d5d80000,0x00000000d6200000)
 ParOldGen       total 1019904K, used 127683K [0x0000000080000000, 0x00000000be400000, 0x00000000d5580000)
  object space 1019904K, 12% used [0x0000000080000000,0x0000000087cb0cf8,0x00000000be400000)
 Metaspace       used 85747K, committed 87488K, reserved 1179648K
  class space    used 8750K, committed 9536K, reserved 1048576K
}
Event: 779.987 GC heap before
{Heap before GC invocations=1807 (full 5):
 PSYoungGen      total 6144K, used 6116K [0x00000000d5580000, 0x00000000d6200000, 0x0000000100000000)
  eden space 3584K, 100% used [0x00000000d5580000,0x00000000d5900000,0x00000000d5900000)
  from space 2560K, 98% used [0x00000000d5900000,0x00000000d5b79100,0x00000000d5b80000)
  to   space 4608K, 0% used [0x00000000d5d80000,0x00000000d5d80000,0x00000000d6200000)
 ParOldGen       total 1019904K, used 127683K [0x0000000080000000, 0x00000000be400000, 0x00000000d5580000)
  object space 1019904K, 12% used [0x0000000080000000,0x0000000087cb0cf8,0x00000000be400000)
 Metaspace       used 85747K, committed 87488K, reserved 1179648K
  class space    used 8750K, committed 9536K, reserved 1048576K
}
Event: 779.991 GC heap after
{Heap after GC invocations=1807 (full 5):
 PSYoungGen      total 7168K, used 3333K [0x00000000d5580000, 0x00000000d6100000, 0x0000000100000000)
  eden space 3584K, 0% used [0x00000000d5580000,0x00000000d5580000,0x00000000d5900000)
  from space 3584K, 93% used [0x00000000d5d80000,0x00000000d60c1560,0x00000000d6100000)
  to   space 3584K, 0% used [0x00000000d5a00000,0x00000000d5a00000,0x00000000d5d80000)
 ParOldGen       total 1019904K, used 130187K [0x0000000080000000, 0x00000000be400000, 0x00000000d5580000)
  object space 1019904K, 12% used [0x0000000080000000,0x0000000087f22cf8,0x00000000be400000)
 Metaspace       used 85747K, committed 87488K, reserved 1179648K
  class space    used 8750K, committed 9536K, reserved 1048576K
}
Event: 780.005 GC heap before
{Heap before GC invocations=1808 (full 5):
 PSYoungGen      total 7168K, used 6917K [0x00000000d5580000, 0x00000000d6100000, 0x0000000100000000)
  eden space 3584K, 100% used [0x00000000d5580000,0x00000000d5900000,0x00000000d5900000)
  from space 3584K, 93% used [0x00000000d5d80000,0x00000000d60c1560,0x00000000d6100000)
  to   space 3584K, 0% used [0x00000000d5a00000,0x00000000d5a00000,0x00000000d5d80000)
 ParOldGen       total 1019904K, used 130187K [0x0000000080000000, 0x00000000be400000, 0x00000000d5580000)
  object space 1019904K, 12% used [0x0000000080000000,0x0000000087f22cf8,0x00000000be400000)
 Metaspace       used 85747K, committed 87488K, reserved 1179648K
  class space    used 8750K, committed 9536K, reserved 1048576K
}
Event: 780.008 GC heap after
{Heap after GC invocations=1808 (full 5):
 PSYoungGen      total 6144K, used 2480K [0x00000000d5580000, 0x00000000d5f00000, 0x0000000100000000)
  eden space 3584K, 0% used [0x00000000d5580000,0x00000000d5580000,0x00000000d5900000)
  from space 2560K, 96% used [0x00000000d5a00000,0x00000000d5c6c000,0x00000000d5c80000)
  to   space 2560K, 0% used [0x00000000d5c80000,0x00000000d5c80000,0x00000000d5f00000)
 ParOldGen       total 1019904K, used 133384K [0x0000000080000000, 0x00000000be400000, 0x00000000d5580000)
  object space 1019904K, 13% used [0x0000000080000000,0x0000000088242258,0x00000000be400000)
 Metaspace       used 85747K, committed 87488K, reserved 1179648K
  class space    used 8750K, committed 9536K, reserved 1048576K
}
Event: 780.357 GC heap before
{Heap before GC invocations=1809 (full 5):
 PSYoungGen      total 6144K, used 6064K [0x00000000d5580000, 0x00000000d5f00000, 0x0000000100000000)
  eden space 3584K, 100% used [0x00000000d5580000,0x00000000d5900000,0x00000000d5900000)
  from space 2560K, 96% used [0x00000000d5a00000,0x00000000d5c6c000,0x00000000d5c80000)
  to   space 2560K, 0% used [0x00000000d5c80000,0x00000000d5c80000,0x00000000d5f00000)
 ParOldGen       total 1019904K, used 133384K [0x0000000080000000, 0x00000000be400000, 0x00000000d5580000)
  object space 1019904K, 13% used [0x0000000080000000,0x0000000088242258,0x00000000be400000)
 Metaspace       used 85748K, committed 87488K, reserved 1179648K
  class space    used 8750K, committed 9536K, reserved 1048576K
}
Event: 780.362 GC heap after
{Heap after GC invocations=1809 (full 5):
 PSYoungGen      total 4096K, used 256K [0x00000000d5580000, 0x00000000d5d00000, 0x0000000100000000)
  eden space 3584K, 0% used [0x00000000d5580000,0x00000000d5580000,0x00000000d5900000)
  from space 512K, 50% used [0x00000000d5c80000,0x00000000d5cc0000,0x00000000d5d00000)
  to   space 1536K, 0% used [0x00000000d5a00000,0x00000000d5a00000,0x00000000d5b80000)
 ParOldGen       total 1019904K, used 135456K [0x0000000080000000, 0x00000000be400000, 0x00000000d5580000)
  object space 1019904K, 13% used [0x0000000080000000,0x0000000088448258,0x00000000be400000)
 Metaspace       used 85748K, committed 87488K, reserved 1179648K
  class space    used 8750K, committed 9536K, reserved 1048576K
}
Event: 780.376 GC heap before
{Heap before GC invocations=1810 (full 5):
 PSYoungGen      total 4096K, used 3840K [0x00000000d5580000, 0x00000000d5d00000, 0x0000000100000000)
  eden space 3584K, 100% used [0x00000000d5580000,0x00000000d5900000,0x00000000d5900000)
  from space 512K, 50% used [0x00000000d5c80000,0x00000000d5cc0000,0x00000000d5d00000)
  to   space 1536K, 0% used [0x00000000d5a00000,0x00000000d5a00000,0x00000000d5b80000)
 ParOldGen       total 1019904K, used 135456K [0x0000000080000000, 0x00000000be400000, 0x00000000d5580000)
  object space 1019904K, 13% used [0x0000000080000000,0x0000000088448258,0x00000000be400000)
 Metaspace       used 85748K, committed 87488K, reserved 1179648K
  class space    used 8750K, committed 9536K, reserved 1048576K
}
Event: 780.377 GC heap after
{Heap after GC invocations=1810 (full 5):
 PSYoungGen      total 5120K, used 288K [0x00000000d5580000, 0x00000000d5d00000, 0x0000000100000000)
  eden space 3584K, 0% used [0x00000000d5580000,0x00000000d5580000,0x00000000d5900000)
  from space 1536K, 18% used [0x00000000d5a00000,0x00000000d5a48000,0x00000000d5b80000)
  to   space 512K, 0% used [0x00000000d5c80000,0x00000000d5c80000,0x00000000d5d00000)
 ParOldGen       total 1019904K, used 135552K [0x0000000080000000, 0x00000000be400000, 0x00000000d5580000)
  object space 1019904K, 13% used [0x0000000080000000,0x0000000088460258,0x00000000be400000)
 Metaspace       used 85748K, committed 87488K, reserved 1179648K
  class space    used 8750K, committed 9536K, reserved 1048576K
}
Event: 780.467 GC heap before
{Heap before GC invocations=1811 (full 5):
 PSYoungGen      total 5120K, used 3872K [0x00000000d5580000, 0x00000000d5d00000, 0x0000000100000000)
  eden space 3584K, 100% used [0x00000000d5580000,0x00000000d5900000,0x00000000d5900000)
  from space 1536K, 18% used [0x00000000d5a00000,0x00000000d5a48000,0x00000000d5b80000)
  to   space 512K, 0% used [0x00000000d5c80000,0x00000000d5c80000,0x00000000d5d00000)
 ParOldGen       total 1019904K, used 135552K [0x0000000080000000, 0x00000000be400000, 0x00000000d5580000)
  object space 1019904K, 13% used [0x0000000080000000,0x0000000088460258,0x00000000be400000)
 Metaspace       used 85748K, committed 87488K, reserved 1179648K
  class space    used 8750K, committed 9536K, reserved 1048576K
}
Event: 780.468 GC heap after
{Heap after GC invocations=1811 (full 5):
 PSYoungGen      total 4096K, used 432K [0x00000000d5580000, 0x00000000d5d00000, 0x0000000100000000)
  eden space 3584K, 0% used [0x00000000d5580000,0x00000000d5580000,0x00000000d5900000)
  from space 512K, 84% used [0x00000000d5c80000,0x00000000d5cec010,0x00000000d5d00000)
  to   space 512K, 0% used [0x00000000d5c00000,0x00000000d5c00000,0x00000000d5c80000)
 ParOldGen       total 1019904K, used 135560K [0x0000000080000000, 0x00000000be400000, 0x00000000d5580000)
  object space 1019904K, 13% used [0x0000000080000000,0x0000000088462258,0x00000000be400000)
 Metaspace       used 85748K, committed 87488K, reserved 1179648K
  class space    used 8750K, committed 9536K, reserved 1048576K
}
Event: 781.162 GC heap before
{Heap before GC invocations=1812 (full 5):
 PSYoungGen      total 4096K, used 4016K [0x00000000d5580000, 0x00000000d5d00000, 0x0000000100000000)
  eden space 3584K, 100% used [0x00000000d5580000,0x00000000d5900000,0x00000000d5900000)
  from space 512K, 84% used [0x00000000d5c80000,0x00000000d5cec010,0x00000000d5d00000)
  to   space 512K, 0% used [0x00000000d5c00000,0x00000000d5c00000,0x00000000d5c80000)
 ParOldGen       total 1019904K, used 135560K [0x0000000080000000, 0x00000000be400000, 0x00000000d5580000)
  object space 1019904K, 13% used [0x0000000080000000,0x0000000088462258,0x00000000be400000)
 Metaspace       used 85748K, committed 87488K, reserved 1179648K
  class space    used 8750K, committed 9536K, reserved 1048576K
}
Event: 781.165 GC heap after
{Heap after GC invocations=1812 (full 5):
 PSYoungGen      total 4096K, used 512K [0x00000000d5580000, 0x00000000d5d00000, 0x0000000100000000)
  eden space 3584K, 0% used [0x00000000d5580000,0x00000000d5580000,0x00000000d5900000)
  from space 512K, 100% used [0x00000000d5c00000,0x00000000d5c80000,0x00000000d5c80000)
  to   space 512K, 0% used [0x00000000d5c80000,0x00000000d5c80000,0x00000000d5d00000)
 ParOldGen       total 1019904K, used 135776K [0x0000000080000000, 0x00000000be400000, 0x00000000d5580000)
  object space 1019904K, 13% used [0x0000000080000000,0x0000000088498258,0x00000000be400000)
 Metaspace       used 85748K, committed 87488K, reserved 1179648K
  class space    used 8750K, committed 9536K, reserved 1048576K
}
Event: 781.176 GC heap before
{Heap before GC invocations=1813 (full 5):
 PSYoungGen      total 4096K, used 4096K [0x00000000d5580000, 0x00000000d5d00000, 0x0000000100000000)
  eden space 3584K, 100% used [0x00000000d5580000,0x00000000d5900000,0x00000000d5900000)
  from space 512K, 100% used [0x00000000d5c00000,0x00000000d5c80000,0x00000000d5c80000)
  to   space 512K, 0% used [0x00000000d5c80000,0x00000000d5c80000,0x00000000d5d00000)
 ParOldGen       total 1019904K, used 135776K [0x0000000080000000, 0x00000000be400000, 0x00000000d5580000)
  object space 1019904K, 13% used [0x0000000080000000,0x0000000088498258,0x00000000be400000)
 Metaspace       used 85748K, committed 87488K, reserved 1179648K
  class space    used 8750K, committed 9536K, reserved 1048576K
}
Event: 781.179 GC heap after
{Heap after GC invocations=1813 (full 5):
 PSYoungGen      total 4096K, used 256K [0x00000000d5580000, 0x00000000d5d00000, 0x0000000100000000)
  eden space 3584K, 0% used [0x00000000d5580000,0x00000000d5580000,0x00000000d5900000)
  from space 512K, 50% used [0x00000000d5c80000,0x00000000d5cc0000,0x00000000d5d00000)
  to   space 512K, 0% used [0x00000000d5c00000,0x00000000d5c00000,0x00000000d5c80000)
 ParOldGen       total 1019904K, used 136175K [0x0000000080000000, 0x00000000be400000, 0x00000000d5580000)
  object space 1019904K, 13% used [0x0000000080000000,0x00000000884fbca8,0x00000000be400000)
 Metaspace       used 85748K, committed 87488K, reserved 1179648K
  class space    used 8750K, committed 9536K, reserved 1048576K
}
Event: 781.220 GC heap before
{Heap before GC invocations=1814 (full 5):
 PSYoungGen      total 4096K, used 3840K [0x00000000d5580000, 0x00000000d5d00000, 0x0000000100000000)
  eden space 3584K, 100% used [0x00000000d5580000,0x00000000d5900000,0x00000000d5900000)
  from space 512K, 50% used [0x00000000d5c80000,0x00000000d5cc0000,0x00000000d5d00000)
  to   space 512K, 0% used [0x00000000d5c00000,0x00000000d5c00000,0x00000000d5c80000)
 ParOldGen       total 1019904K, used 136175K [0x0000000080000000, 0x00000000be400000, 0x00000000d5580000)
  object space 1019904K, 13% used [0x0000000080000000,0x00000000884fbca8,0x00000000be400000)
 Metaspace       used 85748K, committed 87488K, reserved 1179648K
  class space    used 8750K, committed 9536K, reserved 1048576K
}
Event: 781.222 GC heap after
{Heap after GC invocations=1814 (full 5):
 PSYoungGen      total 4096K, used 512K [0x00000000d5580000, 0x00000000d5d00000, 0x0000000100000000)
  eden space 3584K, 0% used [0x00000000d5580000,0x00000000d5580000,0x00000000d5900000)
  from space 512K, 100% used [0x00000000d5c00000,0x00000000d5c80000,0x00000000d5c80000)
  to   space 512K, 0% used [0x00000000d5c80000,0x00000000d5c80000,0x00000000d5d00000)
 ParOldGen       total 1019904K, used 136207K [0x0000000080000000, 0x00000000be400000, 0x00000000d5580000)
  object space 1019904K, 13% used [0x0000000080000000,0x0000000088503ca8,0x00000000be400000)
 Metaspace       used 85748K, committed 87488K, reserved 1179648K
  class space    used 8750K, committed 9536K, reserved 1048576K
}
Event: 782.120 GC heap before
{Heap before GC invocations=1815 (full 5):
 PSYoungGen      total 4096K, used 4095K [0x00000000d5580000, 0x00000000d5d00000, 0x0000000100000000)
  eden space 3584K, 99% used [0x00000000d5580000,0x00000000d58fffd8,0x00000000d5900000)
  from space 512K, 100% used [0x00000000d5c00000,0x00000000d5c80000,0x00000000d5c80000)
  to   space 512K, 0% used [0x00000000d5c80000,0x00000000d5c80000,0x00000000d5d00000)
 ParOldGen       total 1019904K, used 136207K [0x0000000080000000, 0x00000000be400000, 0x00000000d5580000)
  object space 1019904K, 13% used [0x0000000080000000,0x0000000088503ca8,0x00000000be400000)
 Metaspace       used 85748K, committed 87488K, reserved 1179648K
  class space    used 8750K, committed 9536K, reserved 1048576K
}
Event: 782.120 GC heap after
{Heap after GC invocations=1815 (full 5):
 PSYoungGen      total 4096K, used 224K [0x00000000d5580000, 0x00000000d5d00000, 0x0000000100000000)
  eden space 3584K, 0% used [0x00000000d5580000,0x00000000d5580000,0x00000000d5900000)
  from space 512K, 43% used [0x00000000d5c80000,0x00000000d5cb8000,0x00000000d5d00000)
  to   space 512K, 0% used [0x00000000d5c00000,0x00000000d5c00000,0x00000000d5c80000)
 ParOldGen       total 1019904K, used 136207K [0x0000000080000000, 0x00000000be400000, 0x00000000d5580000)
  object space 1019904K, 13% used [0x0000000080000000,0x0000000088503ca8,0x00000000be400000)
 Metaspace       used 85748K, committed 87488K, reserved 1179648K
  class space    used 8750K, committed 9536K, reserved 1048576K
}
Event: 782.165 GC heap before
{Heap before GC invocations=1816 (full 5):
 PSYoungGen      total 4096K, used 3808K [0x00000000d5580000, 0x00000000d5d00000, 0x0000000100000000)
  eden space 3584K, 100% used [0x00000000d5580000,0x00000000d5900000,0x00000000d5900000)
  from space 512K, 43% used [0x00000000d5c80000,0x00000000d5cb8000,0x00000000d5d00000)
  to   space 512K, 0% used [0x00000000d5c00000,0x00000000d5c00000,0x00000000d5c80000)
 ParOldGen       total 1019904K, used 136207K [0x0000000080000000, 0x00000000be400000, 0x00000000d5580000)
  object space 1019904K, 13% used [0x0000000080000000,0x0000000088503ca8,0x00000000be400000)
 Metaspace       used 85748K, committed 87488K, reserved 1179648K
  class space    used 8750K, committed 9536K, reserved 1048576K
}

